[2022/05/23 18:41:57] root INFO: binary_cross_entropy: 
[2022/05/23 18:41:58] root INFO: 	mean diff: check passed: True, value: 3.039836826701503e-08
[2022/05/23 18:41:58] root INFO: diff check passed
[2022/05/23 18:42:21] root INFO: loss: 
[2022/05/23 18:42:21] root INFO: 	mean diff: check passed: True, value: 0.0
[2022/05/23 18:42:21] root INFO: diff check passed
[2022/05/23 18:42:48] root INFO: train: 
[2022/05/23 18:42:48] root INFO: 	mean diff: check passed: False, value: 0.7741665840148926
[2022/05/23 18:42:48] root INFO: diff check failed
[2022/05/23 18:44:26] root INFO: train: 
[2022/05/23 18:44:26] root INFO: 	mean diff: check passed: False, value: 0.7680263519287109
[2022/05/23 18:44:26] root INFO: diff check failed
[2022/05/23 18:48:48] root INFO: train: 
[2022/05/23 18:48:48] root INFO: 	mean diff: check passed: False, value: 0.7680263519287109
[2022/05/23 18:48:49] root INFO: diff check failed
[2022/05/23 19:15:50] root INFO: train: 
[2022/05/23 19:15:50] root INFO: 	mean diff: check passed: False, value: 0.7680262327194214
[2022/05/23 19:15:50] root INFO: diff check failed
sed
[2022/05/23 18:42:48] root INFO: train: 
[2022/05/23 18:42:48] root INFO: 	mean diff: check passed: False, value: 0.7741665840148926
[2022/05/23 18:42:48] root INFO: diff check failed
[2022/05/23 18:44:26] root INFO: train: 
[2022/05/23 18:44:26] root INFO: 	mean diff: check passed: False, value: 0.7680263519287109
[2022/05/23 18:44:26] root INFO: diff check failed
[2022/05/23 18:48:48] root INFO: train: 
[2022/05/23 18:48:48] root INFO: 	mean diff: check passed: False, value: 0.7680263519287109
[2022/05/23 18:48:49] root INFO: diff check failed
[2022/05/23 19:15:50] root INFO: train: 
[2022/05/23 19:15:50] root INFO: 	mean diff: check passed: False, value: 0.7680262327194214
[2022/05/23 19:15:50] root INFO: diff check failed
